<?xml version="1.0" encoding="UTF-8"?>
<!-- Generated by org.testng.reporters.JUnitReportReporter -->
<testsuite skipped="0" hostname="DESKTOP-4AV9BEB" name="mavenpkg.parameterpass" tests="1" failures="0" timestamp="15 Nov 2019 06:52:48 GMT" time="11.439" errors="0">
  <testcase name="open" time="11.439" classname="mavenpkg.parameterpass"/>
</testsuite> <!-- mavenpkg.parameterpass -->
