<?xml version="1.0" encoding="UTF-8"?>
<!-- Generated by org.testng.reporters.JUnitReportReporter -->
<testsuite skipped="0" hostname="DESKTOP-4AV9BEB" name="mavenpkg.baseclass" tests="1" failures="0" timestamp="14 Nov 2019 13:08:15 GMT" time="11.108" errors="0">
  <testcase name="open" time="11.108" classname="mavenpkg.baseclass"/>
</testsuite> <!-- mavenpkg.baseclass -->
