<?xml version="1.0" encoding="UTF-8"?>
<!-- Generated by org.testng.reporters.JUnitReportReporter -->
<testsuite skipped="0" hostname="DESKTOP-4AV9BEB" name="mavenpkg.openbrowser" tests="1" failures="0" timestamp="14 Nov 2019 12:17:18 GMT" time="10.852" errors="0">
  <testcase name="open" time="10.852" classname="mavenpkg.openbrowser"/>
</testsuite> <!-- mavenpkg.openbrowser -->
