<?xml version="1.0" encoding="UTF-8"?>
<!-- Generated by org.testng.reporters.JUnitReportReporter -->
<testsuite skipped="0" hostname="DESKTOP-4AV9BEB" name="mavenpkg.usingXML" tests="2" failures="0" timestamp="14 Nov 2019 11:35:23 GMT" time="24.545" errors="0">
  <testcase name="test1" time="12.197" classname="mavenpkg.usingXML"/>
  <testcase name="test1" time="12.348" classname="mavenpkg.usingXML"/>
</testsuite> <!-- mavenpkg.usingXML -->
